{
  "RSpec": {
    "coverage": {
      "/Users/samellenrieder/ma_week_ten/Bank/spec/account_spec.rb": [
        1,
        null,
        1,
        1,
        1,
        1,
        null,
        null,
        1,
        1,
        1,
        null,
        null,
        1,
        1,
        1,
        null,
        null,
        1,
        1,
        1,
        null,
        null,
        1,
        1,
        1,
        null,
        null,
        1,
        1,
        1,
        null,
        null,
        1,
        1,
        1,
        1,
        null,
        null,
        1,
        1,
        1,
        1,
        null,
        null,
        1,
        1,
        1,
        1,
        null,
        null,
        1,
        1,
        1,
        1,
        null,
        null,
        null
      ],
      "/Users/samellenrieder/ma_week_ten/Bank/lib/account.rb": [
        1,
        null,
        1,
        1,
        1,
        null,
        1,
        11,
        11,
        11,
        11,
        11,
        11,
        null,
        null,
        null,
        1,
        5,
        5,
        5,
        null,
        null,
        1,
        3,
        3,
        3,
        3,
        null,
        0,
        null,
        null,
        null,
        1,
        2,
        2,
        3,
        null,
        null,
        null,
        null,
        null,
        null,
        1,
        1,
        1,
        1,
        null,
        null,
        null
      ],
      "/Users/samellenrieder/ma_week_ten/Bank/lib/statement.rb": [
        null,
        null,
        null,
        null,
        null,
        null,
        null,
        null,
        null,
        null,
        null,
        null,
        null,
        null,
        null,
        null,
        null,
        null,
        null,
        null,
        null
      ],
      "/Users/samellenrieder/ma_week_ten/Bank/spec/statement_spec.rb": [
        null,
        null,
        null,
        null,
        null,
        null
      ]
    },
    "timestamp": 1507048082
  }
}
