{
  "RSpec": {
    "coverage": {
      "/Users/samellenrieder/ma_week_ten/Bank/spec/account_spec.rb": [
        1,
        null,
        1,
        1,
        1,
        1,
        null,
        null
      ],
      "/Users/samellenrieder/ma_week_ten/Bank/lib/account.rb": [
        1,
        null,
        1,
        1,
        null,
        1,
        3,
        3,
        null,
        null,
        1,
        2,
        null,
        null,
        1,
        2,
        null,
        null,
        1,
        0,
        null,
        0,
        0,
        null,
        null,
        null,
        null,
        null,
        null,
        null,
        null
      ],
      "/Users/samellenrieder/ma_week_ten/Bank/lib/transaction.rb": [
        null,
        1,
        1,
        null,
        1,
        3,
        3,
        3,
        3,
        3,
        3,
        null,
        null,
        1,
        2,
        2,
        2,
        null,
        null,
        1,
        2,
        1,
        1,
        1,
        null,
        1,
        null,
        null,
        null
      ],
      "/Users/samellenrieder/ma_week_ten/Bank/spec/transaction_spec.rb": [
        1,
        null,
        1,
        1,
        1,
        1,
        1,
        null,
        null,
        1,
        1,
        1,
        1,
        null,
        null
      ]
    },
    "timestamp": 1507202141
  }
}
